<?xml version="1.0" encoding="UTF-8"?>
<!-- Generated by org.testng.reporters.JUnitReportReporter -->
<testsuite hostname="DESKTOP-4VA98U9" failures="0" tests="1" name="automationScript.Script" time="7.302" errors="0" timestamp="2024-08-03T20:25:21 IST" skipped="0">
  <testcase classname="automationScript.Script" name="testScript" time="7.302"/>
  <system-out/>
</testsuite> <!-- automationScript.Script -->
